-Xajruntimetarget:1.5
-encoding
UTF-8
-source
15
-target
15
-classpath
/home/kubo/Documents/Skola/Metaprogramovanie/assignment/persistence/target/classes:/home/kubo/.m2/repository/org/xerial/sqlite-jdbc/3.40.1.0/sqlite-jdbc-3.40.1.0.jar:/home/kubo/.m2/repository/org/aspectj/aspectjrt/1.9.8.RC1/aspectjrt-1.9.8.RC1.jar:/home/kubo/.m2/repository/org/hibernate/javax/persistence/hibernate-jpa-2.1-api/1.0.0.Final/hibernate-jpa-2.1-api-1.0.0.Final.jar:/home/kubo/.m2/repository/commons-beanutils/commons-beanutils/1.7.0/commons-beanutils-1.7.0.jar:/home/kubo/.m2/repository/commons-logging/commons-logging/1.0.3/commons-logging-1.0.3.jar:/home/kubo/Documents/Skola/Metaprogramovanie/assignment/processor/target/classes:/home/kubo/.m2/repository/org/apache/velocity/velocity/1.7/velocity-1.7.jar:/home/kubo/.m2/repository/commons-collections/commons-collections/3.2.1/commons-collections-3.2.1.jar:/home/kubo/.m2/repository/commons-lang/commons-lang/2.4/commons-lang-2.4.jar:/home/kubo/.m2/repository/jakarta/persistence/jakarta.persistence-api/2.2.3/jakarta.persistence-api-2.2.3.jar:/home/kubo/.m2/repository/org/testng/testng/7.4.0/testng-7.4.0.jar:/home/kubo/.m2/repository/com/beust/jcommander/1.78/jcommander-1.78.jar:/home/kubo/.m2/repository/org/webjars/jquery/3.5.1/jquery-3.5.1.jar:/home/kubo/.m2/repository/org/junit/jupiter/junit-jupiter-api/5.9.2/junit-jupiter-api-5.9.2.jar:/home/kubo/.m2/repository/org/opentest4j/opentest4j/1.2.0/opentest4j-1.2.0.jar:/home/kubo/.m2/repository/org/junit/platform/junit-platform-commons/1.9.2/junit-platform-commons-1.9.2.jar:/home/kubo/.m2/repository/org/apiguardian/apiguardian-api/1.1.2/apiguardian-api-1.1.2.jar:/home/kubo/.m2/repository/org/apache/maven/plugins/maven-surefire-plugin/3.0.0-M5/maven-surefire-plugin-3.0.0-M5.jar:/home/kubo/.m2/repository/org/apache/maven/surefire/maven-surefire-common/3.0.0-M5/maven-surefire-common-3.0.0-M5.jar:/home/kubo/.m2/repository/org/apache/maven/surefire/surefire-api/3.0.0-M5/surefire-api-3.0.0-M5.jar:/home/kubo/.m2/repository/org/apache/maven/surefire/surefire-logger-api/3.0.0-M5/surefire-logger-api-3.0.0-M5.jar:/home/kubo/.m2/repository/org/apache/maven/surefire/surefire-extensions-api/3.0.0-M5/surefire-extensions-api-3.0.0-M5.jar:/home/kubo/.m2/repository/org/apache/maven/surefire/surefire-booter/3.0.0-M5/surefire-booter-3.0.0-M5.jar:/home/kubo/.m2/repository/org/apache/maven/surefire/surefire-extensions-spi/3.0.0-M5/surefire-extensions-spi-3.0.0-M5.jar:/home/kubo/.m2/repository/org/apache/maven/maven-toolchain/3.0-alpha-2/maven-toolchain-3.0-alpha-2.jar:/home/kubo/.m2/repository/org/apache/maven/shared/maven-artifact-transfer/0.11.0/maven-artifact-transfer-0.11.0.jar:/home/kubo/.m2/repository/org/apache/maven/shared/maven-common-artifact-filters/3.0.1/maven-common-artifact-filters-3.0.1.jar:/home/kubo/.m2/repository/org/apache/maven/maven-model/3.0/maven-model-3.0.jar:/home/kubo/.m2/repository/org/apache/maven/maven-plugin-api/3.0/maven-plugin-api-3.0.jar:/home/kubo/.m2/repository/org/sonatype/sisu/sisu-inject-plexus/1.4.2/sisu-inject-plexus-1.4.2.jar:/home/kubo/.m2/repository/org/codehaus/plexus/plexus-classworlds/2.2.3/plexus-classworlds-2.2.3.jar:/home/kubo/.m2/repository/org/sonatype/sisu/sisu-inject-bean/1.4.2/sisu-inject-bean-1.4.2.jar:/home/kubo/.m2/repository/org/sonatype/sisu/sisu-guice/2.1.7/sisu-guice-2.1.7-noaop.jar:/home/kubo/.m2/repository/org/apache/maven/shared/maven-shared-utils/3.1.0/maven-shared-utils-3.1.0.jar:/home/kubo/.m2/repository/commons-io/commons-io/2.5/commons-io-2.5.jar:/home/kubo/.m2/repository/commons-codec/commons-codec/1.11/commons-codec-1.11.jar:/home/kubo/.m2/repository/org/codehaus/plexus/plexus-java/1.0.5/plexus-java-1.0.5.jar:/home/kubo/.m2/repository/org/ow2/asm/asm/7.2/asm-7.2.jar:/home/kubo/.m2/repository/com/thoughtworks/qdox/qdox/2.0-M9/qdox-2.0-M9.jar:/home/kubo/.m2/repository/org/apache/maven/surefire/surefire-shared-utils/3.0.0-M4/surefire-shared-utils-3.0.0-M4.jar:/home/kubo/Documents/Skola/Metaprogramovanie/assignment/example/target/classes
-proc:none
-aspectpath
/home/kubo/Documents/Skola/Metaprogramovanie/assignment/persistence/target/classes
-d
/home/kubo/Documents/Skola/Metaprogramovanie/assignment/example/target/classes
-s
/home/kubo/Documents/Skola/Metaprogramovanie/assignment/example/target/generated-sources/aspectj-maven-plugin
/home/kubo/Documents/Skola/Metaprogramovanie/assignment/example/src/main/java/sk/tuke/meta/example/Project.java
/home/kubo/Documents/Skola/Metaprogramovanie/assignment/example/src/main/java/sk/tuke/meta/example/Main.java
/home/kubo/Documents/Skola/Metaprogramovanie/assignment/example/src/main/java/sk/tuke/meta/example/UnitTesting.java
/home/kubo/Documents/Skola/Metaprogramovanie/assignment/example/src/main/java/sk/tuke/meta/example/Department.java
/home/kubo/Documents/Skola/Metaprogramovanie/assignment/example/src/main/java/sk/tuke/meta/example/Person.java
/home/kubo/Documents/Skola/Metaprogramovanie/assignment/example/target/generated-sources/annotations/GeneratedPersistenceManager.java
/home/kubo/Documents/Skola/Metaprogramovanie/assignment/example/target/generated-sources/annotations/sk/tuke/meta/example/PersonDAO.java
/home/kubo/Documents/Skola/Metaprogramovanie/assignment/example/target/generated-sources/annotations/sk/tuke/meta/example/DepartmentDAO.java
/home/kubo/Documents/Skola/Metaprogramovanie/assignment/example/target/generated-sources/annotations/sk/tuke/meta/example/ProjectDAO.java
