-Xajruntimetarget:1.5
-encoding
UTF-8
-source
15
-target
15
-classpath
/home/kubo/.m2/repository/org/xerial/sqlite-jdbc/3.40.1.0/sqlite-jdbc-3.40.1.0.jar:/home/kubo/.m2/repository/org/aspectj/aspectjrt/1.9.8.RC1/aspectjrt-1.9.8.RC1.jar:/home/kubo/.m2/repository/org/hibernate/javax/persistence/hibernate-jpa-2.1-api/1.0.0.Final/hibernate-jpa-2.1-api-1.0.0.Final.jar:/home/kubo/.m2/repository/org/testng/testng/7.7.1/testng-7.7.1.jar:/home/kubo/.m2/repository/org/slf4j/slf4j-api/1.7.36/slf4j-api-1.7.36.jar:/home/kubo/.m2/repository/com/beust/jcommander/1.82/jcommander-1.82.jar:/home/kubo/.m2/repository/commons-beanutils/commons-beanutils/1.7.0/commons-beanutils-1.7.0.jar:/home/kubo/.m2/repository/commons-logging/commons-logging/1.0.3/commons-logging-1.0.3.jar:/home/kubo/Documents/Skola/Metaprogramovanie/assignment/persistence/target/classes
-proc:none
-d
/home/kubo/Documents/Skola/Metaprogramovanie/assignment/persistence/target/classes
-s
/home/kubo/Documents/Skola/Metaprogramovanie/assignment/persistence/target/generated-sources/aspectj-maven-plugin
/home/kubo/Documents/Skola/Metaprogramovanie/assignment/persistence/src/main/java/sk/tuke/meta/persistence/EntityDAO.java
/home/kubo/Documents/Skola/Metaprogramovanie/assignment/persistence/src/main/java/sk/tuke/meta/persistence/QueryBuilder.java
/home/kubo/Documents/Skola/Metaprogramovanie/assignment/persistence/src/main/java/sk/tuke/meta/persistence/PersistenceManager.java
/home/kubo/Documents/Skola/Metaprogramovanie/assignment/persistence/src/main/java/sk/tuke/meta/persistence/SqlGeneralHelper.java
/home/kubo/Documents/Skola/Metaprogramovanie/assignment/persistence/src/main/java/sk/tuke/meta/persistence/ReflectivePersistenceManager.java
/home/kubo/Documents/Skola/Metaprogramovanie/assignment/persistence/src/main/java/sk/tuke/meta/persistence/DAOPersistenceManager.java
